<?xml version="1.0" encoding="UTF-8"?>
<robot generator="Robot 3.2.2 (Python 3.9.1 on win32)" generated="20210226 03:46:33.134" rpa="false">
<suite id="s1" name="Solution Valid Sec02" source="C:\Users\Admin\Desktop\Assignment-1\robotframework\Solution_Valid_Sec02.robot">
<test id="s1-t1" name="Open Event Registration Page">
<kw name="Open Browser" library="SeleniumLibrary">
<doc>Opens a new browser instance to the optional ``url``.</doc>
<arguments>
<arg>${REGISTER URL}</arg>
<arg>${BROWSER}</arg>
</arguments>
<msg timestamp="20210226 03:46:33.588" level="INFO">Opening browser 'Chrome' to base url 'http://localhost:7272/Sec02/EventRegistration.html'.</msg>
<kw name="Capture Page Screenshot" library="SeleniumLibrary">
<doc>Takes a screenshot of the current page and embeds it into a log file.</doc>
<msg timestamp="20210226 03:46:41.299" level="INFO" html="yes">&lt;/td&gt;&lt;/tr&gt;&lt;tr&gt;&lt;td colspan="3"&gt;&lt;a href="selenium-screenshot-1.png"&gt;&lt;img src="selenium-screenshot-1.png" width="800px"&gt;&lt;/a&gt;</msg>
<status status="PASS" starttime="20210226 03:46:40.986" endtime="20210226 03:46:41.299"></status>
</kw>
<msg timestamp="20210226 03:46:41.374" level="FAIL">WebDriverException: Message: unknown error: net::ERR_CONNECTION_REFUSED
  (Session info: chrome=88.0.4324.190)
</msg>
<status status="FAIL" starttime="20210226 03:46:33.588" endtime="20210226 03:46:41.374"></status>
</kw>
<status status="FAIL" starttime="20210226 03:46:33.588" endtime="20210226 03:46:41.374" critical="yes">WebDriverException: Message: unknown error: net::ERR_CONNECTION_REFUSED
  (Session info: chrome=88.0.4324.190)
</status>
</test>
<test id="s1-t2" name="Register Success">
<kw name="Input Text" library="SeleniumLibrary">
<doc>Types the given ``text`` into the text field identified by ``locator``.</doc>
<arguments>
<arg>firstname</arg>
<arg>${VALID FIRSTNAME}</arg>
</arguments>
<msg timestamp="20210226 03:46:41.375" level="INFO">Typing text 'Somsri' into text field 'firstname'.</msg>
<kw name="Capture Page Screenshot" library="SeleniumLibrary">
<doc>Takes a screenshot of the current page and embeds it into a log file.</doc>
<msg timestamp="20210226 03:46:41.684" level="INFO" html="yes">&lt;/td&gt;&lt;/tr&gt;&lt;tr&gt;&lt;td colspan="3"&gt;&lt;a href="selenium-screenshot-2.png"&gt;&lt;img src="selenium-screenshot-2.png" width="800px"&gt;&lt;/a&gt;</msg>
<status status="PASS" starttime="20210226 03:46:41.384" endtime="20210226 03:46:41.684"></status>
</kw>
<msg timestamp="20210226 03:46:41.707" level="FAIL">Element with locator 'firstname' not found.</msg>
<status status="FAIL" starttime="20210226 03:46:41.375" endtime="20210226 03:46:41.707"></status>
</kw>
<kw name="Close Browser" library="SeleniumLibrary" type="teardown">
<doc>Closes the current browser.</doc>
<status status="PASS" starttime="20210226 03:46:41.707" endtime="20210226 03:46:43.858"></status>
</kw>
<status status="FAIL" starttime="20210226 03:46:41.375" endtime="20210226 03:46:43.858" critical="yes">Element with locator 'firstname' not found.</status>
</test>
<status status="FAIL" starttime="20210226 03:46:33.134" endtime="20210226 03:46:43.858"></status>
</suite>
<statistics>
<total>
<stat pass="0" fail="2">Critical Tests</stat>
<stat pass="0" fail="2">All Tests</stat>
</total>
<tag>
</tag>
<suite>
<stat pass="0" fail="2" id="s1" name="Solution Valid Sec02">Solution Valid Sec02</stat>
</suite>
</statistics>
<errors>
</errors>
</robot>
